'FR  0.050 KHz\r'
'DC  0017    V\r'
'DC  0012    V\r'
'DC  0001    V\r'
'DC  000.1   V\r'
'DC  00.00   V\r'
'DC  00.01   V\r'
'DC -00.08   V\r'
'DC  00.01   V\r'
'DC  00.03   V\r'
'DC -00.83   V\r'
'DC -01.39   V\r'
'DC -01.52   V\r'
'DC -01.54   V\r'
'DC -00.24   V\r'
'DC -00.01   V\r'
'DC  00.00   V\r'
'DC  00.01   V\r'
'DC  000.1   V\r'
'DC  0001    V\r'
'DC  0000    V\r'
'DC -0000    V\r'
'DC  0001    V\r'
'FR  0.050 KHz\r'
'LO   rdy     \r'
'DC  0.001  mA\r'
'DC  000.0  mA\r'
'DC  000.1  mA\r'
'DC  00.01   A\r'
'DC  00.00   A\r'
'TE  0001    C\r'
'TE    OL    C\r'
'HF -  OL     \r'
'HF  0002     \r'
'DI  0039   mV\r'
'DI    OL   mV\r'
'OH   OL.  Ohm\r'
'OH  102.6 Ohm\r'
'OH   OL.  Ohm\r'
'OH  160.6 Ohm\r'
'OH   OL.  Ohm\r'
'OH  035.5 Ohm\r'
'OH  000.5 Ohm\r'
'OH  049.6 Ohm\r'
'OH   OL.  Ohm\r'
'OH   .OL KOhm\r'
'OH  0.951KOhm\r'
'OH  0.005KOhm\r'
'OH  0.114KOhm\r'
'OH   .OL KOhm\r'
'OH   O.L KOhm\r'
'OH  03.10KOhm\r'
'OH   O.L KOhm\r'
'OH  00.00KOhm\r'
'OH   O.L KOhm\r'
'OH  05.06KOhm\r'
'OH   O.L KOhm\r'
'OH   OL. KOhm\r'
'OH   .OL MOhm\r'
'OH  0.192MOhm\r'
'OH  1.101MOhm\r'
'OH  0.060MOhm\r'
'OH  0.932MOhm\r'
'OH   O.L MOhm\r'
'OH  0007 MOhm\r'
'OH  0039 MOhm\r'
'OH  0005 MOhm\r'
'OH  0000 MOhm\r'
'OH  0001 MOhm\r'
'OH  0043 MOhm\r'
'OH  0253 MOhm\r'
'OH  0334 MOhm\r'
'OH  0433 MOhm\r'
'DC  057.4  mV\r'
'DC - OL.   mV\r'
'DC  016.9  mV\r'
'DC  007.6  mV\r'
'DC  002.1  mV\r'
'DC  000.5  mV\r'
'DC -000.0  mV\r'
'DC -000.4  mV\r'
'DC - OL.   mV\r'
'DC - .OL    V\r'
'DC -0.842   V\r'
'DC -0.233   V\r'
'DC -0.057   V\r'
'DC -0.268   V\r'
'AC  0.050   V\r'
'AC  0.084   V\r'
'AC  0.090   V\r'
'AC  0.445   V\r'
'AC  0.086   V\r'
'AC  0.064   V\r'
'AC  0.340   V\r'
'AC  0.203   V\r'
'AC  0.114   V\r'
'AC  0.068   V\r'
'AC  0.055   V\r'
'AC  0.015   V\r'
'AC  0.011   V\r'
'DC  0.001   V\r'
'DC  0.000   V\r'
'DC  0.002   V\r'
'DC -0.002   V\r'
'DC -0.396   V\r'
'DC -0.111   V\r'
'DC -00.26   V\r'
'DC -00.03   V\r'
'DC -00.09   V\r'
'DC -01.30   V\r'
'DC -00.58   V\r'
'DC -0.004   V\r'
'DC  000.3  mV\r'
'DC -000.2  mV\r'
'DC -000.5  mV\r'
'DC -000.8  mV\r'
'DC -133.7  mV\r'
'DC - OL.   mV\r'
'DC -184.9  mV\r'
'DC -148.7  mV\r'
'DC -114.2  mV\r'
'DC -070.8  mV\r'
'DC  070.8  mV\r'
'DC   OL.   mV\r'
'DC    OL    V\r'
'DC  0167    V\r'
'DC  0011    V\r'
'DC  0001    V\r'
'FR  0.050 KHz\r'
'LO   rdy     \r'
'LO - rdy     \r'
'LO   rdy     \r'
'DC  0.001  mA\r'
'DC  000.1  mA\r'
'DC  00.00   A\r'
'TE  0001    C\r'
'TE    OL    C\r'
'HF    OL     \r'
'HF -0561     \r'
'HF  0002     \r'
'HF  0000     \r'
'OH  00.00KOhm\r'
'DI  0226   mV\r'
'DI    OL   mV\r'
'OH   OL.  Ohm\r'
'OH  137.4 Ohm\r'
'OH   OL.  Ohm\r'
'OH   .OL KOhm\r'
'OH   OL. KOhm\r'
'OH   .OL MOhm\r'
'OH   O.L MOhm\r'
'OH  0000 MOhm\r'
'OH  0038 MOhm\r'
'OH  0053 MOhm\r'
'OH  0072 MOhm\r'
'OH  0097 MOhm\r'
'OH  0130 MOhm\r'

Die ersten beiden Bytes ist die Messart mit folgenden Werten:
OH	Ohm
DC	Gleichspannung oder Gleichstrom
AC	Wechselspannung oder -strom
FR	Frequenz
LO	Logic
TE	Temperatur
HF	hFE Transistortest (Stromverstärkung)
DI	Diode/Durchgang

Daten zur Schnittstelle:
2400 Baud
7 Datenbits
2 Stopbits
Keine Parität

Datenanfrage durch Senden von "D"

Zugesendet durch Simon Hartmann, gekürzt
