UT321: Digitalthermometer für 1 Messstelle

Wie UT325:

Counts: 9999 (4-stellig)
DCB: 2400 Baud,8,1,None (nur USB)
Paket: Länge 19, TotalTimeOut: 1000, Markierung: "\r\n", einigermaßen eindeutig

Stromversorgung von 9-V-Block oder USB.


296,0 K  01:28	32 32 39 36 30 33  30 31  30  32 38 30 31  30 00 00 31 0D 0A 	"22960301028010\000\0001\r\n"
	 01:29	32 32 39 36 30 33  30 31  30  32 39 30 31  30 7F 99 31 0D 0A 	"22960301029010\177\2311\r\n"
	 01:30	32 32 39 36 30 33  30 31  30  33 30 30 31  30 7F 99 31 0D 0A 	
295,9 K	 01:31	32 32 39 35 39 33  30 31  30  33 31 30 31  30 7F 99 31 0D 0A 	
	 01:32	32 32 39 35 39 33  30 31  30  33 32 30 31  30 7F 99 31 0D 0A 	
	 01:33	32 32 39 35 39 33  30 31  30  33 33 30 31  30 7F 99 31 0D 0A 	
296,0 K	 01:34	32 32 39 36 30 33  30 31  30  33 34 30 31  30 7F 99 31 0D 0A 	
 22,7 °C 01:47	32 3A 32 32 37 31  30 31  30  34 37 30 31  30 7F 99 31 0D 0A 	
 22,6 °C 01:48	32 3A 32 32 36 31  30 31  30  34 38 30 31  30 7F 99 31 0D 0A 	

Byte			7	6	5	4	3	2	1	0
[0]	Kommaposition	0	0	1	1	0	?	Pos	0	// '0' = kein Komma, '2' = 1 Kommastelle, Bit 2 unklar! (Uhr steht)
[1]	1. Ziffer	0	0	1	1	=========Ziffer==========	// 0x3A = Leerzeichen, 0x3B = '-'
[2]	2. Ziffer	0	0	1	1	=========Ziffer==========
[3]	3. Ziffer	0	0	1	1	=========Ziffer==========
[4]	4. Ziffer	0	0	1	1	=========Ziffer==========
[5]	Einheit		0	0	1	1	0	0	==C/F/K==	// '0' = keine, '1' = °C, '2' = °F, '3' = K
[6]	Speichernr. *10	0	0	1	1	=========Ziffer==========
[7]	Speichernr.  *1	0	0	1	1	=========Ziffer==========
[8]	Sensortyp	0	0	1	1	0	=======Typ=======	// '0'..'6' = [KJTENRS]
[9]	Sekunde Zehner	0	0	1	1	=========Ziffer==========
[10]	Sekunde Einer	0	0	1	1	=========Ziffer==========
[11]	Minute Zehner	0	0	1	1	=========Ziffer==========
[12]	Minute Einer	0	0	1	1	=========Ziffer==========
[13]	-		0	0	1	1	0	0	0	0
[14]	-		============================LSB==========================
[15]	-		VZ	====================MSB==========================
[16]	-		0	0	1	1	0	0	0	1
[17]	'\r'		0	0	0	0	1	1	0	1
[18]	'\n'		0	0	0	0	1	0	1	0
