UT70B: Handmultimeter der chinesischen Firma UNI-Trend

Counts: 4000 (4-stellig)
DCB: 2400 Baud,7,1,Odd,DTR+,RTS-
Paket: Länge 11, TotalTimeOut=1000?, Markierung: "\r\n", eindeutig
ähnlich UT71BCE, aber:
Alle Datagramme werden 2x hintereinander gesendet!

			 0  1  2  3  4  5  6  7  8  9 10		
### Schalterstellung V
DC  005.8 mV AUTO 400mV	30 30 30 35 38 3B 30 30 3A 0D 0A
DC -002.1 mV MAN 400mV	30 30 30 32 31 3B 34 30 38 0D 0A
DC -0.000 V MAN 4V	31 30 30 30 30 3B 34 30 38 0D 0A
DC  00.00 V MAN 40V	32 30 30 30 30 3B 30 30 38 0D 0A
DC -000.0 V MAN 400V	33 30 30 30 30 3B 34 30 38 0D 0A
DC  000.0 V MAN 400V	33 30 30 30 30 3B 30 30 38 0D 0A
DC  0000 V MAN 4000V	34 30 30 30 30 3B 34 30 38 0D 0A
AC  040.1 mV AUTO 400mV	30 30 34 30 31 3B 30 30 36 0D 0A
AC  039.7 mV MAN 400mV	30 30 33 39 37 3B 30 30 34 0D 0A
AC  033.8 mV dito+HOLD	30 30 33 33 38 3B 30 30 34 0D 0A	HOLD wird nicht übertragen!
AC  040.3 mV dito+MAX	30 30 34 30 33 3B 30 30 34 0D 0A 	MAX wird nicht übertragen!
AC  040.9 mV dito+DELTA	30 30 34 30 39 3B 30 30 34 0D 0A	DELTA wird nicht übertragen!
### Schalterstellung Ohm
     0.L MOhm AUTO 40M	35 34 30 30 30 33 31 30 32 0D 0A	Überlaufsignalisierung durch "40 MOhm", nicht "0.L" (wie im PC-Programm)
     0.L MOhm MAN 40M	35 34 30 30 30 33 31 30 30 0D 0A 	
    00.00 MOhm MAN 40M	35 30 30 30 30 33 30 30 30 0D 0A
    014.0 Ohm MAN 400	30 30 31 34 30 33 30 30 30 0D 0A 	
    0.014 kOhm MAN 4k	31 30 30 31 34 33 30 30 30 0D 0A
    0.001 kOhm MAN 40k	32 30 30 30 31 33 30 30 30 0D 0A
    000.0 kOhm MAN 400k	33 30 30 30 30 33 30 30 30 0D 0A
    0.000 MOhm MAN 4M	34 30 30 30 30 33 30 30 30 0D 0A
     0L. Pieps		30 34 30 30 30 35 31 30 30 0D 0A
    014.0 Pieps		30 30 31 34 30 35 30 30 30 0D 0A 	
### Schalterstellung Diode
     .0L V Diode	30 32 39 31 39 31 31 30 30 0D 0A	Zahlenwert "291,9V"
    0.026 V Diode	30 30 30 32 36 31 30 30 30 0D 0A 	
### Schalterstellung Kondensator
    0.146 nF AUTO 4nF	30 30 31 34 36 36 30 30 32 0D 0A
    0.146 nF MAN 4nF	30 30 31 34 36 36 30 30 30 0D 0A
    00.16 nF MAN 40nF	31 30 30 31 36 36 30 30 30 0D 0A
    000.2 nF MAN 400nF	32 30 30 30 32 36 30 30 30 0D 0A
    0.000 nF MAN 4µF	33 30 30 30 30 36 30 30 30 0D 0A 	
    00.00 nF MAN 40µF	34 30 30 30 30 36 30 30 30 0D 0A
    000.0 nF MAN 400µF	35 30 30 30 30 36 30 30 30 0D 0A
    0.000 nF MAN 4mF	36 30 30 30 30 36 30 30 30 0D 0A	langes Messintervall, ca. 5 s
    00.00 nF MAN 40mF	37 30 30 30 30 36 30 30 30 0D 0A
### Schalterstellung Frequenz
    0.000 kHz AUTO 4k	30 30 30 30 30 32 30 30 32 0D 0A
			30 30 30 30 30 32 32 30 32 0D 0A	mit LowBat
    0.000 kHz MAN 4k	30 30 30 30 30 32 30 30 30 0D 0A
     0.00 kHz MAN 40k	31 30 30 30 30 32 30 30 30 0D 0A
      0.0 kHz MAN 400k	32 30 30 30 30 32 30 30 30 0D 0A
    0.000 MHz MAN 4M	33 30 30 30 30 32 30 30 30 0D 0A 	
     0.00 MHz MAN 40M	34 30 30 30 30 32 30 30 30 0D 0A
      0.0 MHz MAN 400M	35 30 30 30 30 32 30 30 30 0D 0A
     0.00 kRPM AUTO 40k	30 30 30 30 30 32 38 30 32 0D 0A	Umdrehungen pro Minute
    ...
      0.0 MRPM MAN 400M	34 30 30 30 30 32 38 30 30 0D 0A
### Schalterstellung Temperatur [°C]
       20 °C FIX	30 30 30 32 30 34 38 30 30 0D 0A
### Schalterstellung Temperatur [°F]
       68 °F FIX	30 30 30 36 38 34 30 30 30 0D 0A
### Schalterstellung µA
DC   0.0 µA AUTO 400µA	30 30 30 30 30 3D 30 30 3A 0D 0A
DC   0.0 µA MAN 400µA	30 30 30 30 30 3D 30 30 38 0D 0A 	
DC    -0 µA MAN 4000µA	31 30 30 30 30 3D 34 30 38 0D 0A
AC   0.0 µA AUTO 400µA	30 30 30 30 30 3D 30 30 36 0D 0A
AC   0.0 µA MAN 400µA	30 30 30 30 30 3D 30 30 34 0D 0A
AC     0 µA MAN 4000µA	31 30 30 30 30 3D 30 30 34 0D 0A
### Schalterstellung mA
DC -0.00 mA AUTO 40mA	30 30 30 30 30 39 34 30 3A 0D 0A
...
AC   0.0 mA MAN 400mA	31 30 30 30 30 39 30 30 34 0D 0A
### Schalterstellung A
DC  0.00 A FIX 40A	30 30 30 30 30 3F 30 30 38 0D 0A
AC  0.00 A FIX 40A	30 30 30 30 30 3F 30 30 34 0D 0A


Byte			6	5	4	3	2	1	0
[0]	Bereich		0	1	1	0	====siehe unten===
[1]	1. Ziffer	0	1	1	===========Ziffer=========
[2]	2. Ziffer	0	1	1	===========Ziffer=========
[3]	3. Ziffer	0	1	1	===========Ziffer=========
[4]	4. Ziffer	0	1	1	===========Ziffer=========
[5]	Schalterst.	0	1	1	========siehe unten=======
[6]	Info		0	1	1	°C/RPM	NEG	LowBat	OVL
[7]	'0' (30)	0	1	1	0	0	0	0
[8]	Kopplung	0	1	1	DC	AC	AUTO	0	// DC und AC (bei UT70B) nie kombiniert
[9]	'\r'		0	0	0	1	1	0	1
[10]	'\n'		0	0	0	1	0	1	0

Bereich (Byte[0]):	V	Ohm	F	Hz	µA	mA	A	RPM	°F	°C
	'0'		400m	400	4n	4k	400µ	40m	10	40k	1832	1000
	'1'		4	4k	40n	40k	4000µ	400m	-	400k	-	-
	'2'		40	40k	400n	400k	-	-	-	4M	-	-
	'3'		400	400k	4µ	4M	-	-	-	40M	-	-
	'4'		1000	4M	40µ	40M	-	-	-	400M	-	-
	'5'		-	40M	400µ	400M	-	-	-	-	-	-
	'6'		-	-	4m	-	-	-	-	-	-	-
	'7'		-	-	40m	-	-	-	-	-	-	-

Schalterstellung (Byte[5]):
	'1'	Diode
	'2'	Hz/RPM
	'3'	Ohm
	'4'	°F/°C
	'5'	Pieps
	'6'	F
	'9'	mA
	';'(3B)	V
	'='(3D)	µA
	'?'(3F)	A

"REL" wird nicht übertragen, stattdessen der absolute Messwert

Etwa baugleich PeakTech 3315; jenes hat keine Drehzahlmessung
