UT804: Tischmultimeter der chinesischen Firma UNI-Trend

Counts: 40000 (5-stellig)
DCB: 2400 Baud,7,1,Odd,DTR+,RTS-
Paket: Länge 11, TotalTimeOut: 1000?, Markierung: "\r\n", eindeutig
ähnlich UT71BCE

Offenbar unidirektional (nur Messwertausgabe)

Das USB-Interface ist ebenfalls mit dem USB-HID-Seriell-Umsetzer
Hoitek HE2325U gemacht (der unter Windows kein COMx erzeugt!)

			 0  1  2  3  4  5  6  7  8  9 10
### Schalterstellung V=
DC  0.0000 V AUTO 4V	30 30 30 30 30 31 31 30 31 0D 0A
DC  0.0000 V MAN 4V	30 30 30 30 30 31 31 30 32 0D 0A
DC  00.000 V MAN 40V	30 30 30 30 30 32 31 30 32 0D 0A
DC  000.00 V MAN 400V	30 30 30 30 30 33 31 30 32 0D 0A
DC  0000.0 V MAN 1000V	30 30 30 30 30 34 31 30 32 0D 0A
### Schalterstellung V~
AC  0.0043 V AUTO 4V	30 30 30 34 33 31 32 31 31 0D 0A
AC  0.0043 V MAN 4V	30 30 30 31 30 31 32 31 32 0D 0A
...
AC  0000.0 V MAN 1000V	30 30 30 30 30 34 32 31 32 0D 0A
A+D 0000.0 V MAN 1000V	30 30 30 30 30 34 32 33 32 0D 0A
### Schalterstellung mV=
DC -132.46 mV FIX 400mV	31 33 32 34 36 30 33 30 34 0D 0A
## Unterfunktion Hz
    00.000 Hz AUTO 40Hz	30 30 30 30 30 30 3C 30 31 0D 0A
    00.000 Hz MAN 40Hz	30 30 30 30 30 30 3C 30 32 0D 0A
...
    000.00 MHz MAN 400M	30 30 30 30 30 37 3C 30 32 0D 0A
## Unterfunktion "Duty" (Tastverhältnis) %
    000.00 % FIX 100%	30 30 30 30 30 30 3C 30 35 0D 0A
### Schalterstellung Ohm
     .0L MOhm AUTO 40M	3A 3A 30 3C 3A 36 34 30 31 0D 0A
     .0L MOhm MAN 40M	3A 3A 30 3C 3A 36 34 30 32 0D 0A
...
     0.L Ohm MAN 400	3A 3A 30 3C 3A 31 34 30 32 0D 0A
## Unterfunktion Pieps
     0.L Ohm FIX 400	3A 3A 30 3C 3A 30 3A 30 30 0D 0A
## Unterfunktion Diode
    . 0L V FIX 4V	3A 3A 30 3C 3A 30 3B 30 30 0D 0A
### Schalterstellung Kondensator
    00.000 nF AUTO 40nF	30 30 30 30 30 31 35 30 31 0D 0A
    00.000 nF MAN 40nF	30 30 30 30 30 31 35 30 32 0D 0A
...
    0.0000 mF MAN 4mF	30 30 30 30 30 36 35 30 32 0D 0A
### Schalterstellung °C
    0026.4 °C FIX 1000	30 30 32 36 34 30 36 30 30 0D 0A
## Unterfunktion °F
    0076.8 °F FIX 1832	30 30 37 37 33 30 3D 30 30 0D 0A
### Schalterstellung µA
DC  000.00 µA AUTO 400µ	30 30 30 30 30 30 37 30 31 0D 0A
DC  000.00 µA MAN 400µ	30 30 30 30 30 30 37 30 32 0D 0A
DC  0000.0 µA MAN 4000µ	30 30 30 30 30 31 37 30 32 0D 0A
## Unterfunktion ~
...
AC  0000.0 µA MAN 4000µ	30 30 30 30 30 31 37 31 32 0D 0A
A+D 0000.0 µA MAN 4000µ	30 30 30 30 30 31 37 33 32 0D 0A 	
### Schalterstellung mA
DC  00.000 mA AUTO 40mA	30 30 30 30 30 30 38 30 31 0D 0A
...
## Unterfunktion ~
...
A+D  000.00 mA MAN 400m	30 30 30 30 30 31 38 33 32 0D 0A
## Unterfunktion % (für 4-20-mA-Sensoren)
     L0.  % FIX 100%	3A 3C 30 3A 3A 30 3F 30 30 0D 0A	// Unterlauf
     HI.  % FIX 100%	3A 3F 31 3A 3A 30 3F 30 30 0D 0A	// Überlauf
      0.L % FIX 100%	3A 3A 30 3C 3A 30 3F 30 30 0D 0A	// Mehr als 400 mA
### Schalterstellung A
DC   00.000 A FIX 10A	30 30 30 30 30 31 39 30 30 0D 0A
## Unterfunktion ~
A+D  00.000 A FIX 10A	30 30 30 30 30 31 39 33 30 0D 0A

Byte			6	5	4	3	2	1	0
[0]	1. Ziffer	0	1	1	=========Ziffer==========	// 0x3A = Leerzeichen, 0x3C = 'L', 0x3F = 'H'
[1]	2. Ziffer	0	1	1	=========Ziffer==========
[2]	3. Ziffer	0	1	1	=========Ziffer==========
[3]	4. Ziffer	0	1	1	=========Ziffer==========
[4]	5. Ziffer	0	1	1	=========Ziffer==========
[5]	Bereich		0	1	1	0	===siehe unten===
[6]	Schalterst.	0	1	1	=======siehe unten=======
[7]	Kopplung	0	1	1	0	0	DC	AC	// DC und AC auch kombiniert
[8]	Info		0	1	1	0	NEG	MAN	AUTO	// MAN und AUTO nie kombiniert
[9]	'\r'		0	0	0	1	1	0	1
[10]	'\n'		0	0	0	1	0	1	0

REL wird nicht übertragen!
Bei HOLD wird nichts übertragen.
"negativ" bei Frequenzmessung bedeutet Tastverhältnis

Bereich (Byte[5]):	V	mV	Ohm	F	Hz	µA	mA	A	%	°C	°F
	'0'		-	400m	-	-	40	400µ	40m	-	100	1000	1800
	'1'		4	-	400	40n	400	4000µ	400m	10	-	-	-
	'2'		40	-	4k	400n	4k	-	-	-	-	-	-
	'3'		400	-	40k	4µ	40k	-	-	-	-	-	-
	'4'		4000	-	400k	40µ	400k	-	-	-	-	-	-
	'5'		-	-	4M	400µ	4M	-	-	-	-	-	-
	'6'		-	-	40M	4m	40M	-	-	-	-	-	-
	'7'		-	-	-	-	400M	-	-	-	-	-	-

Schalterstellung (Byte[6]):
	'1'	V=
	'2'	V~
	'3'	mV=
	'4'	Ohm
	'5'	F
	'6'	°C
	'7'	µA
	'8'	mA
	'9'	A
	0x3A	Pieps
	0x3B	Diode
	0x3C	Hz (oder Tastverhältnis)
	0x3D	°F
	0x3F	% (4-20-mA-Tester)

Fazit:
Abgesehen vom fehlenden 400-MOhm-Messbereich (und der Wirkleistungsmessung) identisch zum UT71BCE-System.
Deshalb läuft auch UT71B_C_E.exe uneingeschränkt.
